<?xml version="1.0" encoding="UTF-8"?>
<!-- Generated by org.testng.reporters.JUnitReportReporter -->
<testsuite hostname="lina" failures="2" tests="8" name="QABootcamp_Maven.AxsosAcademy2.TextBoxTest" time="95.801" errors="2" timestamp="2025-01-17T00:36:20 EET" skipped="0">
  <testcase classname="QABootcamp_Maven.AxsosAcademy2.TextBoxTest" name="addNewTextBoxTest" time="8.931"/>
  <system-out>
    <![CDATA[Entering data: UserName=Lina Adli, UserEmail=linaadli2024@gmail.com, Current Address=Nablus-Palestine, Permanent Address=Nabuls-Palestine
Filling the TextBox form.
Opening TextBox page.
TextBox page opened successfully.
Entering Full Name: Lina Adli
Entering User Email: linaadli2024@gmail.com
Entering Current Address: Nablus-Palestine
Entering Permanent Address: Nabuls-Palestine
Waiting for Submit button to be clickable.
Clicking on Submit button.
Submit button clicked.
TextBox form submitted successfully.
Verfity the output...
Output UserName: Name:Lina Adli
Output UserEmail: Email:linaadli2024@gmail.com
Output Current Address: Current Address :Nablus-Palestine
Output Permanent Address: Permananet Address :Nabuls-Palestine
Test completed for valid input.]]>
  </system-out>
  <testcase classname="QABootcamp_Maven.AxsosAcademy2.TextBoxTest" name="addNewTextBoxTest" time="9.042"/>
  <system-out>
    <![CDATA[Entering data: UserName=Ahmad-Abd-Al'leem, UserEmail=Ahmad-abd@gmail.com, Current Address=Rafeida-Street. Nablus, Permanent Address=Nabuls/Palestine.
Filling the TextBox form.
Opening TextBox page.
TextBox page opened successfully.
Entering Full Name: Ahmad-Abd-Al'leem
Entering User Email: Ahmad-abd@gmail.com
Entering Current Address: Rafeida-Street. Nablus
Entering Permanent Address: Nabuls/Palestine.
Waiting for Submit button to be clickable.
Clicking on Submit button.
Submit button clicked.
TextBox form submitted successfully.
Verfity the output...
Output UserName: Name:Ahmad-Abd-Al'leem
Output UserEmail: Email:Ahmad-abd@gmail.com
Output Current Address: Current Address :Rafeida-Street. Nablus
Output Permanent Address: Permananet Address :Nabuls/Palestine.
Test completed for valid input.]]>
  </system-out>
  <testcase classname="QABootcamp_Maven.AxsosAcademy2.TextBoxTest" name="editTextBoxTest" time="7.148"/>
  <system-out>
    <![CDATA[Entering data: UserName=Lina Ramahi, UserEmail=lina@hotmail.com, Current Address=Nablus, Permanent Address=Nabuls
Editing the TextBox form.
Entering Full Name: Lina Ramahi
Entering User Email: lina@hotmail.com
Entering Current Address: Nablus
Entering Permanent Address: Nabuls
Waiting for Submit button to be clickable.
Clicking on Submit button.
Submit button clicked.
TextBox form submitted successfully.
Verfity the output...
Output UserName: Name:Lina Ramahi
Output UserEmail: Email:lina@hotmail.com
Output Current Address: Current Address :Nablus
Output Permanent Address: Permananet Address :Nabuls
Test completed for valid input.]]>
  </system-out>
  <testcase classname="QABootcamp_Maven.AxsosAcademy2.TextBoxTest" name="addInvalidTextBoxTest" time="7.599"/>
  <system-out>
    <![CDATA[Entering invalid data: UserName=2, UserEmail=linaadli2024.com, Current Address=0, Permanent Address=1
Filling the TextBox form.
Opening TextBox page.
TextBox page opened successfully.
Clearing Full Name field.
Entering Full Name: 2
Clearing User Email field.
Entering User Email: linaadli2024.com
Clearing Current Address field.
Entering Current Address: 0
Clearing Permanent Address field.
Entering Permanent Address: 1
Waiting for Submit button to be clickable.
Clicking on Submit button.
Submit button clicked.
TextBox form submitted successfully.
Output UserName: Name:Lina Ramahi
Test completed for invalid input.]]>
  </system-out>
  <testcase classname="QABootcamp_Maven.AxsosAcademy2.TextBoxTest" name="addInvalidTextBoxTest" time="25.800">
    <error message="no such element: Unable to locate element: {&quot;method&quot;:&quot;css selector&quot;,&quot;selector&quot;:&quot;#email&quot;}
  (Session info: chrome=131.0.6778.266)
For documentation on this error, please visit: https://www.selenium.dev/documentation/webdriver/troubleshooting/errors#no-such-element-exception
Build info: version: &#039;4.20.0&#039;, revision: &#039;866c76ca80&#039;
System info: os.name: &#039;Windows 10&#039;, os.arch: &#039;amd64&#039;, os.version: &#039;10.0&#039;, java.version: &#039;23&#039;
Driver info: org.openqa.selenium.chrome.ChromeDriver
Command: [ea6b05c8565eb6bdb61aef0581286571, findElement {value=email, using=id}]
Capabilities {acceptInsecureCerts: false, browserName: chrome, browserVersion: 131.0.6778.266, chrome: {chromedriverVersion: 131.0.6778.264 (2d05e315153..., userDataDir: C:\WINDOWS\SystemTemp\scope...}, fedcm:accounts: true, goog:chromeOptions: {debuggerAddress: localhost:63199}, networkConnectionEnabled: false, pageLoadStrategy: normal, platformName: windows, proxy: Proxy(), se:cdp: ws://localhost:63199/devtoo..., se:cdpVersion: 131.0.6778.266, setWindowRect: true, strictFileInteractability: false, timeouts: {implicit: 0, pageLoad: 300000, script: 30000}, unhandledPromptBehavior: dismiss and notify, webauthn:extension:credBlob: true, webauthn:extension:largeBlob: true, webauthn:extension:minPinLength: true, webauthn:extension:prf: true, webauthn:virtualAuthenticators: true}
Session ID: ea6b05c8565eb6bdb61aef0581286571" type="org.openqa.selenium.NoSuchElementException">
      <![CDATA[org.openqa.selenium.NoSuchElementException: no such element: Unable to locate element: {"method":"css selector","selector":"#email"}
  (Session info: chrome=131.0.6778.266)
For documentation on this error, please visit: https://www.selenium.dev/documentation/webdriver/troubleshooting/errors#no-such-element-exception
Build info: version: '4.20.0', revision: '866c76ca80'
System info: os.name: 'Windows 10', os.arch: 'amd64', os.version: '10.0', java.version: '23'
Driver info: org.openqa.selenium.chrome.ChromeDriver
Command: [ea6b05c8565eb6bdb61aef0581286571, findElement {value=email, using=id}]
Capabilities {acceptInsecureCerts: false, browserName: chrome, browserVersion: 131.0.6778.266, chrome: {chromedriverVersion: 131.0.6778.264 (2d05e315153..., userDataDir: C:\WINDOWS\SystemTemp\scope...}, fedcm:accounts: true, goog:chromeOptions: {debuggerAddress: localhost:63199}, networkConnectionEnabled: false, pageLoadStrategy: normal, platformName: windows, proxy: Proxy(), se:cdp: ws://localhost:63199/devtoo..., se:cdpVersion: 131.0.6778.266, setWindowRect: true, strictFileInteractability: false, timeouts: {implicit: 0, pageLoad: 300000, script: 30000}, unhandledPromptBehavior: dismiss and notify, webauthn:extension:credBlob: true, webauthn:extension:largeBlob: true, webauthn:extension:minPinLength: true, webauthn:extension:prf: true, webauthn:virtualAuthenticators: true}
Session ID: ea6b05c8565eb6bdb61aef0581286571
at java.base/jdk.internal.reflect.DirectConstructorHandleAccessor.newInstance(DirectConstructorHandleAccessor.java:62)
at java.base/java.lang.reflect.Constructor.newInstanceWithCaller(Constructor.java:501)
at java.base/java.lang.reflect.Constructor.newInstance(Constructor.java:485)
at org.openqa.selenium.remote.ErrorCodec.decode(ErrorCodec.java:167)
at org.openqa.selenium.remote.codec.w3c.W3CHttpResponseCodec.decode(W3CHttpResponseCodec.java:138)
at org.openqa.selenium.remote.codec.w3c.W3CHttpResponseCodec.decode(W3CHttpResponseCodec.java:50)
at org.openqa.selenium.remote.HttpCommandExecutor.execute(HttpCommandExecutor.java:190)
at org.openqa.selenium.remote.service.DriverCommandExecutor.invokeExecute(DriverCommandExecutor.java:216)
at org.openqa.selenium.remote.service.DriverCommandExecutor.execute(DriverCommandExecutor.java:174)
at org.openqa.selenium.remote.RemoteWebDriver.execute(RemoteWebDriver.java:518)
at org.openqa.selenium.remote.ElementLocation$ElementFinder$2.findElement(ElementLocation.java:165)
at org.openqa.selenium.remote.ElementLocation.findElement(ElementLocation.java:59)
at org.openqa.selenium.remote.RemoteWebDriver.findElement(RemoteWebDriver.java:355)
at org.openqa.selenium.remote.RemoteWebDriver.findElement(RemoteWebDriver.java:349)
at QABootcamp_Maven.AxsosAcademy2.OutputAddTextBox.getOutputEmail(OutputAddTextBox.java:25)
at QABootcamp_Maven.AxsosAcademy2.TextBoxTest.addInvalidTextBoxTest(TextBoxTest.java:94)
at java.base/jdk.internal.reflect.DirectMethodHandleAccessor.invoke(DirectMethodHandleAccessor.java:103)
at java.base/java.lang.reflect.Method.invoke(Method.java:580)
at org.testng.internal.MethodInvocationHelper.invokeMethod(MethodInvocationHelper.java:133)
at org.testng.internal.TestInvoker.invokeMethod(TestInvoker.java:598)
at org.testng.internal.TestInvoker.invokeTestMethod(TestInvoker.java:173)
at org.testng.internal.MethodRunner.runInSequence(MethodRunner.java:46)
at org.testng.internal.TestInvoker$MethodInvocationAgent.invoke(TestInvoker.java:824)
at org.testng.internal.TestInvoker.invokeTestMethods(TestInvoker.java:146)
at org.testng.internal.TestMethodWorker.invokeTestMethods(TestMethodWorker.java:146)
at org.testng.internal.TestMethodWorker.run(TestMethodWorker.java:128)
at java.base/java.util.ArrayList.forEach(ArrayList.java:1597)
at org.testng.TestRunner.privateRun(TestRunner.java:794)
at org.testng.TestRunner.run(TestRunner.java:596)
at org.testng.SuiteRunner.runTest(SuiteRunner.java:377)
at org.testng.SuiteRunner.runSequentially(SuiteRunner.java:371)
at org.testng.SuiteRunner.privateRun(SuiteRunner.java:332)
at org.testng.SuiteRunner.run(SuiteRunner.java:276)
at org.testng.SuiteRunnerWorker.runSuite(SuiteRunnerWorker.java:53)
at org.testng.SuiteRunnerWorker.run(SuiteRunnerWorker.java:96)
at org.testng.TestNG.runSuitesSequentially(TestNG.java:1212)
at org.testng.TestNG.runSuitesLocally(TestNG.java:1134)
at org.testng.TestNG.runSuites(TestNG.java:1063)
at org.testng.TestNG.run(TestNG.java:1031)
at org.testng.remote.AbstractRemoteTestNG.run(AbstractRemoteTestNG.java:115)
at org.testng.remote.RemoteTestNG.initAndRun(RemoteTestNG.java:293)
at org.testng.remote.RemoteTestNG.main(RemoteTestNG.java:91)
]]>
    </error>
  </testcase> <!-- addInvalidTextBoxTest -->
  <system-out>
    <![CDATA[Entering invalid data: UserName= , UserEmail= , Current Address=Rafeida-Street. Nablus, Permanent Address=Nabuls/Palestine.
Filling the TextBox form.
Opening TextBox page.
TextBox page opened successfully.
Entering Full Name:  
Entering User Email:  
Entering Current Address: Rafeida-Street. Nablus
Entering Permanent Address: Nabuls/Palestine.
Waiting for Submit button to be clickable.
Clicking on Submit button.
Submit button clicked.
TextBox form submitted successfully.
Output UserName: Name:]]>
  </system-out>
  <testcase classname="QABootcamp_Maven.AxsosAcademy2.TextBoxTest" name="addInvalidTextBoxTest" time="25.852">
    <error message="no such element: Unable to locate element: {&quot;method&quot;:&quot;css selector&quot;,&quot;selector&quot;:&quot;#email&quot;}
  (Session info: chrome=131.0.6778.266)
For documentation on this error, please visit: https://www.selenium.dev/documentation/webdriver/troubleshooting/errors#no-such-element-exception
Build info: version: &#039;4.20.0&#039;, revision: &#039;866c76ca80&#039;
System info: os.name: &#039;Windows 10&#039;, os.arch: &#039;amd64&#039;, os.version: &#039;10.0&#039;, java.version: &#039;23&#039;
Driver info: org.openqa.selenium.chrome.ChromeDriver
Command: [ea6b05c8565eb6bdb61aef0581286571, findElement {value=email, using=id}]
Capabilities {acceptInsecureCerts: false, browserName: chrome, browserVersion: 131.0.6778.266, chrome: {chromedriverVersion: 131.0.6778.264 (2d05e315153..., userDataDir: C:\WINDOWS\SystemTemp\scope...}, fedcm:accounts: true, goog:chromeOptions: {debuggerAddress: localhost:63199}, networkConnectionEnabled: false, pageLoadStrategy: normal, platformName: windows, proxy: Proxy(), se:cdp: ws://localhost:63199/devtoo..., se:cdpVersion: 131.0.6778.266, setWindowRect: true, strictFileInteractability: false, timeouts: {implicit: 0, pageLoad: 300000, script: 30000}, unhandledPromptBehavior: dismiss and notify, webauthn:extension:credBlob: true, webauthn:extension:largeBlob: true, webauthn:extension:minPinLength: true, webauthn:extension:prf: true, webauthn:virtualAuthenticators: true}
Session ID: ea6b05c8565eb6bdb61aef0581286571" type="org.openqa.selenium.NoSuchElementException">
      <![CDATA[org.openqa.selenium.NoSuchElementException: no such element: Unable to locate element: {"method":"css selector","selector":"#email"}
  (Session info: chrome=131.0.6778.266)
For documentation on this error, please visit: https://www.selenium.dev/documentation/webdriver/troubleshooting/errors#no-such-element-exception
Build info: version: '4.20.0', revision: '866c76ca80'
System info: os.name: 'Windows 10', os.arch: 'amd64', os.version: '10.0', java.version: '23'
Driver info: org.openqa.selenium.chrome.ChromeDriver
Command: [ea6b05c8565eb6bdb61aef0581286571, findElement {value=email, using=id}]
Capabilities {acceptInsecureCerts: false, browserName: chrome, browserVersion: 131.0.6778.266, chrome: {chromedriverVersion: 131.0.6778.264 (2d05e315153..., userDataDir: C:\WINDOWS\SystemTemp\scope...}, fedcm:accounts: true, goog:chromeOptions: {debuggerAddress: localhost:63199}, networkConnectionEnabled: false, pageLoadStrategy: normal, platformName: windows, proxy: Proxy(), se:cdp: ws://localhost:63199/devtoo..., se:cdpVersion: 131.0.6778.266, setWindowRect: true, strictFileInteractability: false, timeouts: {implicit: 0, pageLoad: 300000, script: 30000}, unhandledPromptBehavior: dismiss and notify, webauthn:extension:credBlob: true, webauthn:extension:largeBlob: true, webauthn:extension:minPinLength: true, webauthn:extension:prf: true, webauthn:virtualAuthenticators: true}
Session ID: ea6b05c8565eb6bdb61aef0581286571
at java.base/jdk.internal.reflect.DirectConstructorHandleAccessor.newInstance(DirectConstructorHandleAccessor.java:62)
at java.base/java.lang.reflect.Constructor.newInstanceWithCaller(Constructor.java:501)
at java.base/java.lang.reflect.Constructor.newInstance(Constructor.java:485)
at org.openqa.selenium.remote.ErrorCodec.decode(ErrorCodec.java:167)
at org.openqa.selenium.remote.codec.w3c.W3CHttpResponseCodec.decode(W3CHttpResponseCodec.java:138)
at org.openqa.selenium.remote.codec.w3c.W3CHttpResponseCodec.decode(W3CHttpResponseCodec.java:50)
at org.openqa.selenium.remote.HttpCommandExecutor.execute(HttpCommandExecutor.java:190)
at org.openqa.selenium.remote.service.DriverCommandExecutor.invokeExecute(DriverCommandExecutor.java:216)
at org.openqa.selenium.remote.service.DriverCommandExecutor.execute(DriverCommandExecutor.java:174)
at org.openqa.selenium.remote.RemoteWebDriver.execute(RemoteWebDriver.java:518)
at org.openqa.selenium.remote.ElementLocation$ElementFinder$2.findElement(ElementLocation.java:165)
at org.openqa.selenium.remote.ElementLocation.findElement(ElementLocation.java:59)
at org.openqa.selenium.remote.RemoteWebDriver.findElement(RemoteWebDriver.java:355)
at org.openqa.selenium.remote.RemoteWebDriver.findElement(RemoteWebDriver.java:349)
at QABootcamp_Maven.AxsosAcademy2.OutputAddTextBox.getOutputEmail(OutputAddTextBox.java:25)
at QABootcamp_Maven.AxsosAcademy2.TextBoxTest.addInvalidTextBoxTest(TextBoxTest.java:94)
at java.base/jdk.internal.reflect.DirectMethodHandleAccessor.invoke(DirectMethodHandleAccessor.java:103)
at java.base/java.lang.reflect.Method.invoke(Method.java:580)
at org.testng.internal.MethodInvocationHelper.invokeMethod(MethodInvocationHelper.java:133)
at org.testng.internal.TestInvoker.invokeMethod(TestInvoker.java:598)
at org.testng.internal.TestInvoker.invokeTestMethod(TestInvoker.java:173)
at org.testng.internal.MethodRunner.runInSequence(MethodRunner.java:46)
at org.testng.internal.TestInvoker$MethodInvocationAgent.invoke(TestInvoker.java:824)
at org.testng.internal.TestInvoker.invokeTestMethods(TestInvoker.java:146)
at org.testng.internal.TestMethodWorker.invokeTestMethods(TestMethodWorker.java:146)
at org.testng.internal.TestMethodWorker.run(TestMethodWorker.java:128)
at java.base/java.util.ArrayList.forEach(ArrayList.java:1597)
at org.testng.TestRunner.privateRun(TestRunner.java:794)
at org.testng.TestRunner.run(TestRunner.java:596)
at org.testng.SuiteRunner.runTest(SuiteRunner.java:377)
at org.testng.SuiteRunner.runSequentially(SuiteRunner.java:371)
at org.testng.SuiteRunner.privateRun(SuiteRunner.java:332)
at org.testng.SuiteRunner.run(SuiteRunner.java:276)
at org.testng.SuiteRunnerWorker.runSuite(SuiteRunnerWorker.java:53)
at org.testng.SuiteRunnerWorker.run(SuiteRunnerWorker.java:96)
at org.testng.TestNG.runSuitesSequentially(TestNG.java:1212)
at org.testng.TestNG.runSuitesLocally(TestNG.java:1134)
at org.testng.TestNG.runSuites(TestNG.java:1063)
at org.testng.TestNG.run(TestNG.java:1031)
at org.testng.remote.AbstractRemoteTestNG.run(AbstractRemoteTestNG.java:115)
at org.testng.remote.RemoteTestNG.initAndRun(RemoteTestNG.java:293)
at org.testng.remote.RemoteTestNG.main(RemoteTestNG.java:91)
]]>
    </error>
  </testcase> <!-- addInvalidTextBoxTest -->
  <system-out>
    <![CDATA[Entering invalid data: UserName= , UserEmail=Jameel, Current Address=Ramallah, Permanent Address=Ramallah
Filling the TextBox form.
Opening TextBox page.
TextBox page opened successfully.
Clearing Full Name field.
Entering Full Name:  
Entering User Email: Jameel
Clearing Current Address field.
Entering Current Address: Ramallah
Clearing Permanent Address field.
Entering Permanent Address: Ramallah
Waiting for Submit button to be clickable.
Clicking on Submit button.
Submit button clicked.
TextBox form submitted successfully.
Output UserName: Name:]]>
  </system-out>
  <testcase classname="QABootcamp_Maven.AxsosAcademy2.TextBoxTest" name="editInvalidTextBoxTest" time="5.750">
    <failure message="TextBox should not be added with invalid data. expected [false] but found [true]" type="java.lang.AssertionError">
      <![CDATA[java.lang.AssertionError: TextBox should not be added with invalid data. expected [false] but found [true]
at org.testng.Assert.fail(Assert.java:99)
at org.testng.Assert.failNotEquals(Assert.java:1037)
at org.testng.Assert.assertFalse(Assert.java:67)
at QABootcamp_Maven.AxsosAcademy2.TextBoxTest.editInvalidTextBoxTest(TextBoxTest.java:122)
at java.base/jdk.internal.reflect.DirectMethodHandleAccessor.invoke(DirectMethodHandleAccessor.java:103)
at java.base/java.lang.reflect.Method.invoke(Method.java:580)
at org.testng.internal.MethodInvocationHelper.invokeMethod(MethodInvocationHelper.java:133)
at org.testng.internal.TestInvoker.invokeMethod(TestInvoker.java:598)
at org.testng.internal.TestInvoker.invokeTestMethod(TestInvoker.java:173)
at org.testng.internal.MethodRunner.runInSequence(MethodRunner.java:46)
at org.testng.internal.TestInvoker$MethodInvocationAgent.invoke(TestInvoker.java:824)
at org.testng.internal.TestInvoker.invokeTestMethods(TestInvoker.java:146)
at org.testng.internal.TestMethodWorker.invokeTestMethods(TestMethodWorker.java:146)
at org.testng.internal.TestMethodWorker.run(TestMethodWorker.java:128)
at java.base/java.util.ArrayList.forEach(ArrayList.java:1597)
at org.testng.TestRunner.privateRun(TestRunner.java:794)
at org.testng.TestRunner.run(TestRunner.java:596)
at org.testng.SuiteRunner.runTest(SuiteRunner.java:377)
at org.testng.SuiteRunner.runSequentially(SuiteRunner.java:371)
at org.testng.SuiteRunner.privateRun(SuiteRunner.java:332)
at org.testng.SuiteRunner.run(SuiteRunner.java:276)
at org.testng.SuiteRunnerWorker.runSuite(SuiteRunnerWorker.java:53)
at org.testng.SuiteRunnerWorker.run(SuiteRunnerWorker.java:96)
at org.testng.TestNG.runSuitesSequentially(TestNG.java:1212)
at org.testng.TestNG.runSuitesLocally(TestNG.java:1134)
at org.testng.TestNG.runSuites(TestNG.java:1063)
at org.testng.TestNG.run(TestNG.java:1031)
at org.testng.remote.AbstractRemoteTestNG.run(AbstractRemoteTestNG.java:115)
at org.testng.remote.RemoteTestNG.initAndRun(RemoteTestNG.java:293)
at org.testng.remote.RemoteTestNG.main(RemoteTestNG.java:91)
]]>
    </failure>
  </testcase> <!-- editInvalidTextBoxTest -->
  <system-out>
    <![CDATA[Editing - Entering invalid data: UserName=, UserEmail=linaadli2024, Current Address=Nabuls-Palestine, Permanent Address=Nabuls-Palestine
Editing the TextBox form.
Clearing Full Name field.
Entering Full Name: 
Clearing User Email field.
Entering User Email: linaadli2024
Clearing Current Address field.
Entering Current Address: Nabuls-Palestine
Clearing Permanent Address field.
Entering Permanent Address: Nabuls-Palestine
Waiting for Submit button to be clickable.
Clicking on Submit button.
Submit button clicked.
TextBox form submitted successfully.
Output UserName: Name:]]>
  </system-out>
  <testcase classname="QABootcamp_Maven.AxsosAcademy2.TextBoxTest" name="editInvalidTextBoxTest" time="5.679">
    <failure message="TextBox should not be added with invalid data. expected [false] but found [true]" type="java.lang.AssertionError">
      <![CDATA[java.lang.AssertionError: TextBox should not be added with invalid data. expected [false] but found [true]
at org.testng.Assert.fail(Assert.java:99)
at org.testng.Assert.failNotEquals(Assert.java:1037)
at org.testng.Assert.assertFalse(Assert.java:67)
at QABootcamp_Maven.AxsosAcademy2.TextBoxTest.editInvalidTextBoxTest(TextBoxTest.java:122)
at java.base/jdk.internal.reflect.DirectMethodHandleAccessor.invoke(DirectMethodHandleAccessor.java:103)
at java.base/java.lang.reflect.Method.invoke(Method.java:580)
at org.testng.internal.MethodInvocationHelper.invokeMethod(MethodInvocationHelper.java:133)
at org.testng.internal.TestInvoker.invokeMethod(TestInvoker.java:598)
at org.testng.internal.TestInvoker.invokeTestMethod(TestInvoker.java:173)
at org.testng.internal.MethodRunner.runInSequence(MethodRunner.java:46)
at org.testng.internal.TestInvoker$MethodInvocationAgent.invoke(TestInvoker.java:824)
at org.testng.internal.TestInvoker.invokeTestMethods(TestInvoker.java:146)
at org.testng.internal.TestMethodWorker.invokeTestMethods(TestMethodWorker.java:146)
at org.testng.internal.TestMethodWorker.run(TestMethodWorker.java:128)
at java.base/java.util.ArrayList.forEach(ArrayList.java:1597)
at org.testng.TestRunner.privateRun(TestRunner.java:794)
at org.testng.TestRunner.run(TestRunner.java:596)
at org.testng.SuiteRunner.runTest(SuiteRunner.java:377)
at org.testng.SuiteRunner.runSequentially(SuiteRunner.java:371)
at org.testng.SuiteRunner.privateRun(SuiteRunner.java:332)
at org.testng.SuiteRunner.run(SuiteRunner.java:276)
at org.testng.SuiteRunnerWorker.runSuite(SuiteRunnerWorker.java:53)
at org.testng.SuiteRunnerWorker.run(SuiteRunnerWorker.java:96)
at org.testng.TestNG.runSuitesSequentially(TestNG.java:1212)
at org.testng.TestNG.runSuitesLocally(TestNG.java:1134)
at org.testng.TestNG.runSuites(TestNG.java:1063)
at org.testng.TestNG.run(TestNG.java:1031)
at org.testng.remote.AbstractRemoteTestNG.run(AbstractRemoteTestNG.java:115)
at org.testng.remote.RemoteTestNG.initAndRun(RemoteTestNG.java:293)
at org.testng.remote.RemoteTestNG.main(RemoteTestNG.java:91)
]]>
    </failure>
  </testcase> <!-- editInvalidTextBoxTest -->
  <system-out>
    <![CDATA[Editing - Entering invalid data: UserName=123%, UserEmail=Samah@gmail.com, Current Address=Jericho-Palestine, Permanent Address=Jenin-Palestine
Editing the TextBox form.
Entering Full Name: 123%
Clearing User Email field.
Entering User Email: Samah@gmail.com
Clearing Current Address field.
Entering Current Address: Jericho-Palestine
Clearing Permanent Address field.
Entering Permanent Address: Jenin-Palestine
Waiting for Submit button to be clickable.
Clicking on Submit button.
Submit button clicked.
TextBox form submitted successfully.
Output UserName: Name:123%]]>
  </system-out>
</testsuite> <!-- QABootcamp_Maven.AxsosAcademy2.TextBoxTest -->
