<html>
<head>
<title>TestNG:  Default test</title>
<link href="../testng.css" rel="stylesheet" type="text/css" />
<link href="../my-testng.css" rel="stylesheet" type="text/css" />

<style type="text/css">
.log { display: none;} 
.stack-trace { display: none;} 
</style>
<script type="text/javascript">
<!--
function flip(e) {
  current = e.style.display;
  if (current == 'block') {
    e.style.display = 'none';
    return 0;
  }
  else {
    e.style.display = 'block';
    return 1;
  }
}

function toggleBox(szDivId, elem, msg1, msg2)
{
  var res = -1;  if (document.getElementById) {
    res = flip(document.getElementById(szDivId));
  }
  else if (document.all) {
    // this is the way old msie versions work
    res = flip(document.all[szDivId]);
  }
  if(elem) {
    if(res == 0) elem.innerHTML = msg1; else elem.innerHTML = msg2;
  }

}

function toggleAllBoxes() {
  if (document.getElementsByTagName) {
    d = document.getElementsByTagName('div');
    for (i = 0; i < d.length; i++) {
      if (d[i].className == 'log') {
        flip(d[i]);
      }
    }
  }
}

// -->
</script>

</head>
<body>
<h2 align='center'>Default test</h2><table border='1' align="center">
<tr>
<td>Tests passed/Failed/Skipped:</td><td>8/2/0</td>
</tr><tr>
<td>Started on:</td><td>Fri Jan 17 06:37:56 EET 2025</td>
</tr>
<tr><td>Total time:</td><td>256 seconds (256409 ms)</td>
</tr><tr>
<td>Included groups:</td><td></td>
</tr><tr>
<td>Excluded groups:</td><td></td>
</tr>
</table><p/>
<small><i>(Hover the method name to see the test class name)</i></small><p/>
<table width='100%' border='1' class='invocation-failed'>
<tr><td colspan='4' align='center'><b>FAILED TESTS</b></td></tr>
<tr><td><b>Test method</b></td>
<td width="30%"><b>Exception</b></td>
<td width="10%"><b>Time (seconds)</b></td>
<td><b>Instance</b></td>
</tr>
<tr>
<td title='QABootcamp_Maven.AxsosAcademy2.RecordTest.addNewInvalidRecordTest()'><b>addNewInvalidRecordTest</b><br>Test class: QABootcamp_Maven.AxsosAcademy2.RecordTest<br>Parameters: 124, Adli, Rana-adli2024@gmail.com, 0, 5000, dep, false<br/>
<a href="#Output-717998169" onClick='toggleBox("Output-717998169", this, "Show output", "Hide output");'>Show output</a>

<a href="#Output-717998169" onClick="toggleAllBoxes();">Show all outputs</a>
<div class='log' id="Output-717998169">
Verify adding a new record with invalid information.<br/>
New record with invalid information.<br/>
</div>
</td>
<td><div><pre>org.openqa.selenium.TimeoutException: Expected condition failed: waiting for visibility of element located by By.xpath: //div[@class=&apos;modal-header&apos;] (tried for 40 second(s) with 500 milliseconds interval)
Build info: version: &apos;4.20.0&apos;, revision: &apos;866c76ca80&apos;
System info: os.name: &apos;Windows 10&apos;, os.arch: &apos;amd64&apos;, os.version: &apos;10.0&apos;, java.version: &apos;23&apos;
Driver info: org.openqa.selenium.chrome.ChromeDriver
Capabilities {acceptInsecureCerts: false, browserName: chrome, browserVersion: 131.0.6778.266, chrome: {chromedriverVersion: 131.0.6778.264 (2d05e315153..., userDataDir: C:\WINDOWS\SystemTemp\scope...}, fedcm:accounts: true, goog:chromeOptions: {debuggerAddress: localhost:60881}, networkConnectionEnabled: false, pageLoadStrategy: normal, platformName: windows, proxy: Proxy(), se:cdp: ws://localhost:60881/devtoo..., se:cdpVersion: 131.0.6778.266, setWindowRect: true, strictFileInteractability: false, timeouts: {implicit: 0, pageLoad: 300000, script: 30000}, unhandledPromptBehavior: dismiss and notify, webauthn:extension:credBlob: true, webauthn:extension:largeBlob: true, webauthn:extension:minPinLength: true, webauthn:extension:prf: true, webauthn:virtualAuthenticators: true}
Session ID: 62add3079ecfe1c5c45f4fedaccf4ee1
	at org.openqa.selenium.support.ui.WebDriverWait.timeoutException(WebDriverWait.java:84)
	at org.openqa.selenium.support.ui.FluentWait.until(FluentWait.java:228)
	at QABootcamp_Maven.AxsosAcademy2.RecordTest.addNewInvalidRecordTest(RecordTest.java:88)
	at java.base/jdk.internal.reflect.DirectMethodHandleAccessor.invoke(DirectMethodHandleAccessor.java:103)
	at java.base/java.lang.reflect.Method.invoke(Method.java:580)
	at org.testng.internal.MethodInvocationHelper.invokeMethod(MethodInvocationHelper.java:133)
	at org.testng.internal.TestInvoker.invokeMethod(TestInvoker.java:598)
	at org.testng.internal.TestInvoker.invokeTestMethod(TestInvoker.java:173)
	at org.testng.internal.MethodRunner.runInSequence(MethodRunner.java:46)
	at org.testng.internal.TestInvoker$MethodInvocationAgent.invoke(TestInvoker.java:824)
	at org.testng.internal.TestInvoker.invokeTestMethods(TestInvoker.java:146)
	at org.testng.internal.TestMethodWorker.invokeTestMethods(TestMethodWorker.java:146)
	at org.testng.internal.TestMethodWorker.run(TestMethodWorker.java:128)
	at java.base/java.util.ArrayList.forEach(ArrayList.java:1597)
	at org.testng.TestRunner.privateRun(TestRunner.java:794)
	at org.testng.TestRunner.run(TestRunner.java:596)
	at org.testng.SuiteRunner.runTest(SuiteRunner.java:377)
	at org.testng.SuiteRunner.runSequentially(SuiteRunner.java:371)
	at org.testng.SuiteRunner.privateRun(SuiteRunner.java:332)
	at org.testng.SuiteRunner.run(SuiteRunner.java:276)
	at org.testng.SuiteRunnerWorker.runSuite(SuiteRunnerWorker.java:53)
	at org.testng.SuiteRunnerWorker.run(SuiteRunnerWorker.java:96)
	at org.testng.TestNG.runSuitesSequentially(TestNG.java:1212)
	at org.testng.TestNG.runSuitesLocally(TestNG.java:1134)
	at org.testng.TestNG.runSuites(TestNG.java:1063)
	at org.testng.TestNG.run(TestNG.java:1031)
	at org.testng.remote.AbstractRemoteTestNG.run(AbstractRemoteTestNG.java:115)
	at org.testng.remote.RemoteTestNG.initAndRun(RemoteTestNG.java:293)
	at org.testng.remote.RemoteTestNG.main(RemoteTestNG.java:91)
</pre></div><a href='#' onClick='toggleBox("stack-trace717998169", this, "Click to show all stack frames", "Click to hide stack frames")'>Click to show all stack frames</a>
<div class='stack-trace' id='stack-trace717998169'><pre>org.openqa.selenium.TimeoutException: Expected condition failed: waiting for visibility of element located by By.xpath: //div[@class=&apos;modal-header&apos;] (tried for 40 second(s) with 500 milliseconds interval)
Build info: version: &apos;4.20.0&apos;, revision: &apos;866c76ca80&apos;
System info: os.name: &apos;Windows 10&apos;, os.arch: &apos;amd64&apos;, os.version: &apos;10.0&apos;, java.version: &apos;23&apos;
Driver info: org.openqa.selenium.chrome.ChromeDriver
Capabilities {acceptInsecureCerts: false, browserName: chrome, browserVersion: 131.0.6778.266, chrome: {chromedriverVersion: 131.0.6778.264 (2d05e315153..., userDataDir: C:\WINDOWS\SystemTemp\scope...}, fedcm:accounts: true, goog:chromeOptions: {debuggerAddress: localhost:60881}, networkConnectionEnabled: false, pageLoadStrategy: normal, platformName: windows, proxy: Proxy(), se:cdp: ws://localhost:60881/devtoo..., se:cdpVersion: 131.0.6778.266, setWindowRect: true, strictFileInteractability: false, timeouts: {implicit: 0, pageLoad: 300000, script: 30000}, unhandledPromptBehavior: dismiss and notify, webauthn:extension:credBlob: true, webauthn:extension:largeBlob: true, webauthn:extension:minPinLength: true, webauthn:extension:prf: true, webauthn:virtualAuthenticators: true}
Session ID: 62add3079ecfe1c5c45f4fedaccf4ee1
	at org.openqa.selenium.support.ui.WebDriverWait.timeoutException(WebDriverWait.java:84)
	at org.openqa.selenium.support.ui.FluentWait.until(FluentWait.java:228)
	at QABootcamp_Maven.AxsosAcademy2.RecordTest.addNewInvalidRecordTest(RecordTest.java:88)
	at java.base/jdk.internal.reflect.DirectMethodHandleAccessor.invoke(DirectMethodHandleAccessor.java:103)
	at java.base/java.lang.reflect.Method.invoke(Method.java:580)
	at org.testng.internal.MethodInvocationHelper.invokeMethod(MethodInvocationHelper.java:133)
	at org.testng.internal.TestInvoker.invokeMethod(TestInvoker.java:598)
	at org.testng.internal.TestInvoker.invokeTestMethod(TestInvoker.java:173)
	at org.testng.internal.MethodRunner.runInSequence(MethodRunner.java:46)
	at org.testng.internal.TestInvoker$MethodInvocationAgent.invoke(TestInvoker.java:824)
	at org.testng.internal.TestInvoker.invokeTestMethods(TestInvoker.java:146)
	at org.testng.internal.TestMethodWorker.invokeTestMethods(TestMethodWorker.java:146)
	at org.testng.internal.TestMethodWorker.run(TestMethodWorker.java:128)
	at java.base/java.util.ArrayList.forEach(ArrayList.java:1597)
	at org.testng.TestRunner.privateRun(TestRunner.java:794)
	at org.testng.TestRunner.run(TestRunner.java:596)
	at org.testng.SuiteRunner.runTest(SuiteRunner.java:377)
	at org.testng.SuiteRunner.runSequentially(SuiteRunner.java:371)
	at org.testng.SuiteRunner.privateRun(SuiteRunner.java:332)
	at org.testng.SuiteRunner.run(SuiteRunner.java:276)
	at org.testng.SuiteRunnerWorker.runSuite(SuiteRunnerWorker.java:53)
	at org.testng.SuiteRunnerWorker.run(SuiteRunnerWorker.java:96)
	at org.testng.TestNG.runSuitesSequentially(TestNG.java:1212)
	at org.testng.TestNG.runSuitesLocally(TestNG.java:1134)
	at org.testng.TestNG.runSuites(TestNG.java:1063)
	at org.testng.TestNG.run(TestNG.java:1031)
	at org.testng.remote.AbstractRemoteTestNG.run(AbstractRemoteTestNG.java:115)
	at org.testng.remote.RemoteTestNG.initAndRun(RemoteTestNG.java:293)
	at org.testng.remote.RemoteTestNG.main(RemoteTestNG.java:91)
</pre></div></td>
<td>51</td>
<td>QABootcamp_Maven.AxsosAcademy2.RecordTest@7c7a06ec</td></tr>
<tr>
<td title='QABootcamp_Maven.AxsosAcademy2.RecordTest.addNewInvalidRecordTest()'><b>addNewInvalidRecordTest</b><br>Test class: QABootcamp_Maven.AxsosAcademy2.RecordTest<br>Parameters: --, Adli, linaadli2024@gmail.com, 30, 5000, dep, false<br/>
<a href="#Output-161938368" onClick='toggleBox("Output-161938368", this, "Show output", "Hide output");'>Show output</a>

<a href="#Output-161938368" onClick="toggleAllBoxes();">Show all outputs</a>
<div class='log' id="Output-161938368">
Verify adding a new record with invalid information.<br/>
New record with invalid information.<br/>
</div>
</td>
<td><div><pre>org.openqa.selenium.TimeoutException: Expected condition failed: waiting for visibility of element located by By.xpath: //div[@class=&apos;modal-header&apos;] (tried for 40 second(s) with 500 milliseconds interval)
Build info: version: &apos;4.20.0&apos;, revision: &apos;866c76ca80&apos;
System info: os.name: &apos;Windows 10&apos;, os.arch: &apos;amd64&apos;, os.version: &apos;10.0&apos;, java.version: &apos;23&apos;
Driver info: org.openqa.selenium.chrome.ChromeDriver
Capabilities {acceptInsecureCerts: false, browserName: chrome, browserVersion: 131.0.6778.266, chrome: {chromedriverVersion: 131.0.6778.264 (2d05e315153..., userDataDir: C:\WINDOWS\SystemTemp\scope...}, fedcm:accounts: true, goog:chromeOptions: {debuggerAddress: localhost:60881}, networkConnectionEnabled: false, pageLoadStrategy: normal, platformName: windows, proxy: Proxy(), se:cdp: ws://localhost:60881/devtoo..., se:cdpVersion: 131.0.6778.266, setWindowRect: true, strictFileInteractability: false, timeouts: {implicit: 0, pageLoad: 300000, script: 30000}, unhandledPromptBehavior: dismiss and notify, webauthn:extension:credBlob: true, webauthn:extension:largeBlob: true, webauthn:extension:minPinLength: true, webauthn:extension:prf: true, webauthn:virtualAuthenticators: true}
Session ID: 62add3079ecfe1c5c45f4fedaccf4ee1
	at org.openqa.selenium.support.ui.WebDriverWait.timeoutException(WebDriverWait.java:84)
	at org.openqa.selenium.support.ui.FluentWait.until(FluentWait.java:228)
	at QABootcamp_Maven.AxsosAcademy2.RecordTest.addNewInvalidRecordTest(RecordTest.java:88)
	at java.base/jdk.internal.reflect.DirectMethodHandleAccessor.invoke(DirectMethodHandleAccessor.java:103)
	at java.base/java.lang.reflect.Method.invoke(Method.java:580)
	at org.testng.internal.MethodInvocationHelper.invokeMethod(MethodInvocationHelper.java:133)
	at org.testng.internal.TestInvoker.invokeMethod(TestInvoker.java:598)
	at org.testng.internal.TestInvoker.invokeTestMethod(TestInvoker.java:173)
	at org.testng.internal.MethodRunner.runInSequence(MethodRunner.java:46)
	at org.testng.internal.TestInvoker$MethodInvocationAgent.invoke(TestInvoker.java:824)
	at org.testng.internal.TestInvoker.invokeTestMethods(TestInvoker.java:146)
	at org.testng.internal.TestMethodWorker.invokeTestMethods(TestMethodWorker.java:146)
	at org.testng.internal.TestMethodWorker.run(TestMethodWorker.java:128)
	at java.base/java.util.ArrayList.forEach(ArrayList.java:1597)
	at org.testng.TestRunner.privateRun(TestRunner.java:794)
	at org.testng.TestRunner.run(TestRunner.java:596)
	at org.testng.SuiteRunner.runTest(SuiteRunner.java:377)
	at org.testng.SuiteRunner.runSequentially(SuiteRunner.java:371)
	at org.testng.SuiteRunner.privateRun(SuiteRunner.java:332)
	at org.testng.SuiteRunner.run(SuiteRunner.java:276)
	at org.testng.SuiteRunnerWorker.runSuite(SuiteRunnerWorker.java:53)
	at org.testng.SuiteRunnerWorker.run(SuiteRunnerWorker.java:96)
	at org.testng.TestNG.runSuitesSequentially(TestNG.java:1212)
	at org.testng.TestNG.runSuitesLocally(TestNG.java:1134)
	at org.testng.TestNG.runSuites(TestNG.java:1063)
	at org.testng.TestNG.run(TestNG.java:1031)
	at org.testng.remote.AbstractRemoteTestNG.run(AbstractRemoteTestNG.java:115)
	at org.testng.remote.RemoteTestNG.initAndRun(RemoteTestNG.java:293)
	at org.testng.remote.RemoteTestNG.main(RemoteTestNG.java:91)
</pre></div><a href='#' onClick='toggleBox("stack-trace161938368", this, "Click to show all stack frames", "Click to hide stack frames")'>Click to show all stack frames</a>
<div class='stack-trace' id='stack-trace161938368'><pre>org.openqa.selenium.TimeoutException: Expected condition failed: waiting for visibility of element located by By.xpath: //div[@class=&apos;modal-header&apos;] (tried for 40 second(s) with 500 milliseconds interval)
Build info: version: &apos;4.20.0&apos;, revision: &apos;866c76ca80&apos;
System info: os.name: &apos;Windows 10&apos;, os.arch: &apos;amd64&apos;, os.version: &apos;10.0&apos;, java.version: &apos;23&apos;
Driver info: org.openqa.selenium.chrome.ChromeDriver
Capabilities {acceptInsecureCerts: false, browserName: chrome, browserVersion: 131.0.6778.266, chrome: {chromedriverVersion: 131.0.6778.264 (2d05e315153..., userDataDir: C:\WINDOWS\SystemTemp\scope...}, fedcm:accounts: true, goog:chromeOptions: {debuggerAddress: localhost:60881}, networkConnectionEnabled: false, pageLoadStrategy: normal, platformName: windows, proxy: Proxy(), se:cdp: ws://localhost:60881/devtoo..., se:cdpVersion: 131.0.6778.266, setWindowRect: true, strictFileInteractability: false, timeouts: {implicit: 0, pageLoad: 300000, script: 30000}, unhandledPromptBehavior: dismiss and notify, webauthn:extension:credBlob: true, webauthn:extension:largeBlob: true, webauthn:extension:minPinLength: true, webauthn:extension:prf: true, webauthn:virtualAuthenticators: true}
Session ID: 62add3079ecfe1c5c45f4fedaccf4ee1
	at org.openqa.selenium.support.ui.WebDriverWait.timeoutException(WebDriverWait.java:84)
	at org.openqa.selenium.support.ui.FluentWait.until(FluentWait.java:228)
	at QABootcamp_Maven.AxsosAcademy2.RecordTest.addNewInvalidRecordTest(RecordTest.java:88)
	at java.base/jdk.internal.reflect.DirectMethodHandleAccessor.invoke(DirectMethodHandleAccessor.java:103)
	at java.base/java.lang.reflect.Method.invoke(Method.java:580)
	at org.testng.internal.MethodInvocationHelper.invokeMethod(MethodInvocationHelper.java:133)
	at org.testng.internal.TestInvoker.invokeMethod(TestInvoker.java:598)
	at org.testng.internal.TestInvoker.invokeTestMethod(TestInvoker.java:173)
	at org.testng.internal.MethodRunner.runInSequence(MethodRunner.java:46)
	at org.testng.internal.TestInvoker$MethodInvocationAgent.invoke(TestInvoker.java:824)
	at org.testng.internal.TestInvoker.invokeTestMethods(TestInvoker.java:146)
	at org.testng.internal.TestMethodWorker.invokeTestMethods(TestMethodWorker.java:146)
	at org.testng.internal.TestMethodWorker.run(TestMethodWorker.java:128)
	at java.base/java.util.ArrayList.forEach(ArrayList.java:1597)
	at org.testng.TestRunner.privateRun(TestRunner.java:794)
	at org.testng.TestRunner.run(TestRunner.java:596)
	at org.testng.SuiteRunner.runTest(SuiteRunner.java:377)
	at org.testng.SuiteRunner.runSequentially(SuiteRunner.java:371)
	at org.testng.SuiteRunner.privateRun(SuiteRunner.java:332)
	at org.testng.SuiteRunner.run(SuiteRunner.java:276)
	at org.testng.SuiteRunnerWorker.runSuite(SuiteRunnerWorker.java:53)
	at org.testng.SuiteRunnerWorker.run(SuiteRunnerWorker.java:96)
	at org.testng.TestNG.runSuitesSequentially(TestNG.java:1212)
	at org.testng.TestNG.runSuitesLocally(TestNG.java:1134)
	at org.testng.TestNG.runSuites(TestNG.java:1063)
	at org.testng.TestNG.run(TestNG.java:1031)
	at org.testng.remote.AbstractRemoteTestNG.run(AbstractRemoteTestNG.java:115)
	at org.testng.remote.RemoteTestNG.initAndRun(RemoteTestNG.java:293)
	at org.testng.remote.RemoteTestNG.main(RemoteTestNG.java:91)
</pre></div></td>
<td>51</td>
<td>QABootcamp_Maven.AxsosAcademy2.RecordTest@7c7a06ec</td></tr>
</table><p>
<table width='100%' border='1' class='invocation-passed'>
<tr><td colspan='4' align='center'><b>PASSED TESTS</b></td></tr>
<tr><td><b>Test method</b></td>
<td width="30%"><b>Exception</b></td>
<td width="10%"><b>Time (seconds)</b></td>
<td><b>Instance</b></td>
</tr>
<tr>
<td title='QABootcamp_Maven.AxsosAcademy2.RecordTest.addNewInvalidRecordTest()'><b>addNewInvalidRecordTest</b><br>Test class: QABootcamp_Maven.AxsosAcademy2.RecordTest<br>Parameters: Rana, Adli, mail.com, 0.2, 5000, dep, false<br/>
<a href="#Output-1380593659" onClick='toggleBox("Output-1380593659", this, "Show output", "Hide output");'>Show output</a>

<a href="#Output-1380593659" onClick="toggleAllBoxes();">Show all outputs</a>
<div class='log' id="Output-1380593659">
Verify adding a new record with invalid information.<br/>
New record with invalid information.<br/>
</div>
</td>
<td></td>
<td>12</td>
<td>QABootcamp_Maven.AxsosAcademy2.RecordTest@7c7a06ec</td></tr>
<tr>
<td title='QABootcamp_Maven.AxsosAcademy2.RecordTest.testCloseButtonFunctionality1()'><b>testCloseButtonFunctionality1</b><br>Test class: QABootcamp_Maven.AxsosAcademy2.RecordTest<br/>
<a href="#Output-1821581506" onClick='toggleBox("Output-1821581506", this, "Show output", "Hide output");'>Show output</a>

<a href="#Output-1821581506" onClick="toggleAllBoxes();">Show all outputs</a>
<div class='log' id="Output-1821581506">
Testing the Close button functionality in the modal.<br/>
Modal successfully closed.<br/>
</div>
</td>
<td></td>
<td>30</td>
<td>QABootcamp_Maven.AxsosAcademy2.RecordTest@7c7a06ec</td></tr>
<tr>
<td title='QABootcamp_Maven.AxsosAcademy2.RecordTest.SearchTestofExistingEmail()'><b>SearchTestofExistingEmail</b><br>Test class: QABootcamp_Maven.AxsosAcademy2.RecordTest<br>Parameters: Sireen, Adli, Sireen_new@gmail.com, 30, 5000, dep, true<br/>
<a href="#Output-57264571" onClick='toggleBox("Output-57264571", this, "Show output", "Hide output");'>Show output</a>

<a href="#Output-57264571" onClick="toggleAllBoxes();">Show all outputs</a>
<div class='log' id="Output-57264571">
Testing search functionality.<br/>
Search functions well.<br/>
</div>
</td>
<td></td>
<td>14</td>
<td>QABootcamp_Maven.AxsosAcademy2.RecordTest@7c7a06ec</td></tr>
<tr>
<td title='QABootcamp_Maven.AxsosAcademy2.RecordTest.addNewRecordTest()'><b>addNewRecordTest</b><br>Test class: QABootcamp_Maven.AxsosAcademy2.RecordTest<br>Parameters: Lina, Adli, linaadli2024@gmail.com, 30, 5000, dep, true<br/>
<a href="#Output-669200356" onClick='toggleBox("Output-669200356", this, "Show output", "Hide output");'>Show output</a>

<a href="#Output-669200356" onClick="toggleAllBoxes();">Show all outputs</a>
<div class='log' id="Output-669200356">
Check adding a new record with valid information.<br/>
New record added successfully with valid information.<br/>
</div>
</td>
<td></td>
<td>12</td>
<td>QABootcamp_Maven.AxsosAcademy2.RecordTest@7c7a06ec</td></tr>
<tr>
<td title='QABootcamp_Maven.AxsosAcademy2.RecordTest.addNewRecordTest()'><b>addNewRecordTest</b><br>Test class: QABootcamp_Maven.AxsosAcademy2.RecordTest<br>Parameters: Sireen, Adli, Sireen_new@gmail.com, 30, 5000, dep, true<br/>
<a href="#Output-1618099562" onClick='toggleBox("Output-1618099562", this, "Show output", "Hide output");'>Show output</a>

<a href="#Output-1618099562" onClick="toggleAllBoxes();">Show all outputs</a>
<div class='log' id="Output-1618099562">
Check adding a new record with valid information.<br/>
New record added successfully with valid information.<br/>
</div>
</td>
<td></td>
<td>11</td>
<td>QABootcamp_Maven.AxsosAcademy2.RecordTest@7c7a06ec</td></tr>
<tr>
<td title='QABootcamp_Maven.AxsosAcademy2.RecordTest.SearchTestofExistingEmail()'><b>SearchTestofExistingEmail</b><br>Test class: QABootcamp_Maven.AxsosAcademy2.RecordTest<br>Parameters: Lina, Adli, linaadli2024@gmail.com, 30, 5000, dep, true<br/>
<a href="#Output-2041263297" onClick='toggleBox("Output-2041263297", this, "Show output", "Hide output");'>Show output</a>

<a href="#Output-2041263297" onClick="toggleAllBoxes();">Show all outputs</a>
<div class='log' id="Output-2041263297">
Testing search functionality.<br/>
Search functions well.<br/>
</div>
</td>
<td></td>
<td>14</td>
<td>QABootcamp_Maven.AxsosAcademy2.RecordTest@7c7a06ec</td></tr>
<tr>
<td title='QABootcamp_Maven.AxsosAcademy2.RecordTest.VisibilityElementsInTable()'><b>VisibilityElementsInTable</b><br>Test class: QABootcamp_Maven.AxsosAcademy2.RecordTest<br/>
<a href="#Output-2042884127" onClick='toggleBox("Output-2042884127", this, "Show output", "Hide output");'>Show output</a>

<a href="#Output-2042884127" onClick="toggleAllBoxes();">Show all outputs</a>
<div class='log' id="Output-2042884127">
Check the visibility of elements in the table.<br/>
Web Table elements are displayed.<br/>
</div>
</td>
<td></td>
<td>37</td>
<td>QABootcamp_Maven.AxsosAcademy2.RecordTest@7c7a06ec</td></tr>
<tr>
<td title='QABootcamp_Maven.AxsosAcademy2.RecordTest.AddSbumitButtonsTest()'><b>AddSbumitButtonsTest</b><br>Test class: QABootcamp_Maven.AxsosAcademy2.RecordTest<br/>
<a href="#Output-1969856053" onClick='toggleBox("Output-1969856053", this, "Show output", "Hide output");'>Show output</a>

<a href="#Output-1969856053" onClick="toggleAllBoxes();">Show all outputs</a>
<div class='log' id="Output-1969856053">
Check the visibility and functionality of Add and Submit buttons.<br/>
Add and Submit buttons are checked <br/>
</div>
</td>
<td></td>
<td>6</td>
<td>QABootcamp_Maven.AxsosAcademy2.RecordTest@7c7a06ec</td></tr>
</table><p>
</body>
</html>